

*******************************************************************************
Tue Dec 24 15:50:44 2019


FIT:    data read from "fitdata.dat" using 1:2:3
        format = x:z:s
        #datapoints = 200
function used for fitting: f(x)
	f(x) = a+ b*x +c*exp(-(x-d)**2/e**2)
fitted parameters initialized with current variable values

iter      chisq       delta/lim  lambda   a             b             c             d             e            
   0 7.0566080537e+03   0.00e+00  1.65e+01    1.200000e+02   2.000000e-01   1.500000e+02   1.000000e+02   1.000000e+01
   5 2.5295877296e+02  -1.26e-02  1.65e-04    6.111874e+01   3.600410e-01   5.587552e+01   1.023836e+02   7.981650e+00

After 5 iterations the fit converged.
final sum of squares of residuals : 252.959
rel. change during last iteration : -1.26117e-07

degrees of freedom    (FIT_NDF)                        : 195
rms of residuals      (FIT_STDFIT) = sqrt(WSSR/ndf)    : 1.13896
variance of residuals (reduced chisquare) = WSSR/ndf   : 1.29722
p-value of the Chisq distribution (FIT_P)              : 0.00327414

Final set of parameters            Asymptotic Standard Error
=======================            ==========================
a               = 61.1187          +/- 1.407        (2.302%)
b               = 0.360041         +/- 0.01349      (3.748%)
c               = 55.8755          +/- 5.328        (9.536%)
d               = 102.384          +/- 0.5816       (0.5681%)
e               = 7.98165          +/- 0.8149       (10.21%)

correlation matrix of the fit parameters:
                a      b      c      d      e      
a               1.000 
b              -0.804  1.000 
c              -0.035 -0.031  1.000 
d               0.033 -0.041  0.011  1.000 
e              -0.080 -0.065 -0.541  0.011  1.000 


*******************************************************************************
Tue Dec 24 16:01:19 2019


FIT:    data read from "fitdata.dat" using 1:2:3
        format = x:z:s
        #datapoints = 200
function used for fitting: f(x)
	f(x) = a +b*x + c*exp(-(x-d)**2/e**2)
fitted parameters initialized with current variable values

iter      chisq       delta/lim  lambda   a             b             c             d             e            
   0 7.0566080537e+03   0.00e+00  1.65e+01    1.200000e+02   2.000000e-01   1.500000e+02   1.000000e+02   1.000000e+01
   5 2.5295877296e+02  -1.26e-02  1.65e-04    6.111874e+01   3.600410e-01   5.587552e+01   1.023836e+02   7.981650e+00

After 5 iterations the fit converged.
final sum of squares of residuals : 252.959
rel. change during last iteration : -1.26117e-07

degrees of freedom    (FIT_NDF)                        : 195
rms of residuals      (FIT_STDFIT) = sqrt(WSSR/ndf)    : 1.13896
variance of residuals (reduced chisquare) = WSSR/ndf   : 1.29722
p-value of the Chisq distribution (FIT_P)              : 0.00327414

Final set of parameters            Asymptotic Standard Error
=======================            ==========================
a               = 61.1187          +/- 1.407        (2.302%)
b               = 0.360041         +/- 0.01349      (3.748%)
c               = 55.8755          +/- 5.328        (9.536%)
d               = 102.384          +/- 0.5816       (0.5681%)
e               = 7.98165          +/- 0.8149       (10.21%)

correlation matrix of the fit parameters:
                a      b      c      d      e      
a               1.000 
b              -0.804  1.000 
c              -0.035 -0.031  1.000 
d               0.033 -0.041  0.011  1.000 
e              -0.080 -0.065 -0.541  0.011  1.000 


*******************************************************************************
Tue Dec 24 16:01:55 2019


FIT:    data read from "fitdata.dat" using 1:2:3
        format = x:z:s
        #datapoints = 200
function used for fitting: f(x)
	f(x) = a +b*x + c*exp(-(x-d)**2/e**2)
fitted parameters initialized with current variable values

iter      chisq       delta/lim  lambda   a             b             c             d             e            
   0 7.0566080537e+03   0.00e+00  1.65e+01    1.200000e+02   2.000000e-01   1.500000e+02   1.000000e+02   1.000000e+01
   5 2.5295877296e+02  -1.26e-02  1.65e-04    6.111874e+01   3.600410e-01   5.587552e+01   1.023836e+02   7.981650e+00

After 5 iterations the fit converged.
final sum of squares of residuals : 252.959
rel. change during last iteration : -1.26117e-07

degrees of freedom    (FIT_NDF)                        : 195
rms of residuals      (FIT_STDFIT) = sqrt(WSSR/ndf)    : 1.13896
variance of residuals (reduced chisquare) = WSSR/ndf   : 1.29722
p-value of the Chisq distribution (FIT_P)              : 0.00327414

Final set of parameters            Asymptotic Standard Error
=======================            ==========================
a               = 61.1187          +/- 1.407        (2.302%)
b               = 0.360041         +/- 0.01349      (3.748%)
c               = 55.8755          +/- 5.328        (9.536%)
d               = 102.384          +/- 0.5816       (0.5681%)
e               = 7.98165          +/- 0.8149       (10.21%)

correlation matrix of the fit parameters:
                a      b      c      d      e      
a               1.000 
b              -0.804  1.000 
c              -0.035 -0.031  1.000 
d               0.033 -0.041  0.011  1.000 
e              -0.080 -0.065 -0.541  0.011  1.000 


*******************************************************************************
Tue Dec 24 16:29:23 2019


FIT:    data read from "fitdata.dat" using 1:2:3
        format = x:z:s
        #datapoints = 200
function used for fitting: f(x)
	f(x) = a +b*x + c*exp(-(x-d)**2/e**2)
fitted parameters initialized with current variable values

iter      chisq       delta/lim  lambda   a             b             c             d             e            
   0 7.0566080537e+03   0.00e+00  1.65e+01    1.200000e+02   2.000000e-01   1.500000e+02   1.000000e+02   1.000000e+01
   5 2.5295877296e+02  -1.26e-02  1.65e-04    6.111874e+01   3.600410e-01   5.587552e+01   1.023836e+02   7.981650e+00

After 5 iterations the fit converged.
final sum of squares of residuals : 252.959
rel. change during last iteration : -1.26117e-07

degrees of freedom    (FIT_NDF)                        : 195
rms of residuals      (FIT_STDFIT) = sqrt(WSSR/ndf)    : 1.13896
variance of residuals (reduced chisquare) = WSSR/ndf   : 1.29722
p-value of the Chisq distribution (FIT_P)              : 0.00327414

Final set of parameters            Asymptotic Standard Error
=======================            ==========================
a               = 61.1187          +/- 1.407        (2.302%)
b               = 0.360041         +/- 0.01349      (3.748%)
c               = 55.8755          +/- 5.328        (9.536%)
d               = 102.384          +/- 0.5816       (0.5681%)
e               = 7.98165          +/- 0.8149       (10.21%)

correlation matrix of the fit parameters:
                a      b      c      d      e      
a               1.000 
b              -0.804  1.000 
c              -0.035 -0.031  1.000 
d               0.033 -0.041  0.011  1.000 
e              -0.080 -0.065 -0.541  0.011  1.000 


*******************************************************************************
Tue Dec 24 16:30:47 2019


FIT:    data read from "fitdata.dat" using 1:2:3
        format = x:z:s
        #datapoints = 200
function used for fitting: f(x)
	f(x) = a +b*x + c*exp(-(x-d)**2/e**2)
fitted parameters initialized with current variable values

iter      chisq       delta/lim  lambda   a             b             c             d             e            
   0 7.0566080537e+03   0.00e+00  1.65e+01    1.200000e+02   2.000000e-01   1.500000e+02   1.000000e+02   1.000000e+01
   5 2.5295877296e+02  -1.26e-02  1.65e-04    6.111874e+01   3.600410e-01   5.587552e+01   1.023836e+02   7.981650e+00

After 5 iterations the fit converged.
final sum of squares of residuals : 252.959
rel. change during last iteration : -1.26117e-07

degrees of freedom    (FIT_NDF)                        : 195
rms of residuals      (FIT_STDFIT) = sqrt(WSSR/ndf)    : 1.13896
variance of residuals (reduced chisquare) = WSSR/ndf   : 1.29722
p-value of the Chisq distribution (FIT_P)              : 0.00327414

Final set of parameters            Asymptotic Standard Error
=======================            ==========================
a               = 61.1187          +/- 1.407        (2.302%)
b               = 0.360041         +/- 0.01349      (3.748%)
c               = 55.8755          +/- 5.328        (9.536%)
d               = 102.384          +/- 0.5816       (0.5681%)
e               = 7.98165          +/- 0.8149       (10.21%)

correlation matrix of the fit parameters:
                a      b      c      d      e      
a               1.000 
b              -0.804  1.000 
c              -0.035 -0.031  1.000 
d               0.033 -0.041  0.011  1.000 
e              -0.080 -0.065 -0.541  0.011  1.000 


*******************************************************************************
Tue Dec 24 16:31:03 2019


FIT:    data read from "fitdata.dat" using 1:2:3
        format = x:z:s
        #datapoints = 200
function used for fitting: f(x)
	f(x) = a +b*x + c*exp(-(x-d)**2/e**2)
fitted parameters initialized with current variable values

iter      chisq       delta/lim  lambda   a             b             c             d             e            
   0 7.0566080537e+03   0.00e+00  1.65e+01    1.200000e+02   2.000000e-01   1.500000e+02   1.000000e+02   1.000000e+01
   5 2.5295877296e+02  -1.26e-02  1.65e-04    6.111874e+01   3.600410e-01   5.587552e+01   1.023836e+02   7.981650e+00

After 5 iterations the fit converged.
final sum of squares of residuals : 252.959
rel. change during last iteration : -1.26117e-07

degrees of freedom    (FIT_NDF)                        : 195
rms of residuals      (FIT_STDFIT) = sqrt(WSSR/ndf)    : 1.13896
variance of residuals (reduced chisquare) = WSSR/ndf   : 1.29722
p-value of the Chisq distribution (FIT_P)              : 0.00327414

Final set of parameters            Asymptotic Standard Error
=======================            ==========================
a               = 61.1187          +/- 1.407        (2.302%)
b               = 0.360041         +/- 0.01349      (3.748%)
c               = 55.8755          +/- 5.328        (9.536%)
d               = 102.384          +/- 0.5816       (0.5681%)
e               = 7.98165          +/- 0.8149       (10.21%)

correlation matrix of the fit parameters:
                a      b      c      d      e      
a               1.000 
b              -0.804  1.000 
c              -0.035 -0.031  1.000 
d               0.033 -0.041  0.011  1.000 
e              -0.080 -0.065 -0.541  0.011  1.000 


*******************************************************************************
Tue Dec 24 16:33:52 2019


FIT:    data read from "fitdata.dat" using 1:2:3
        format = x:z:s
        #datapoints = 200
function used for fitting: f(x)
	f(x) = a +b*x + c*exp(-(x-d)**2/e**2)
fitted parameters initialized with current variable values

iter      chisq       delta/lim  lambda   a             b             c             d             e            
   0 7.0566080537e+03   0.00e+00  1.65e+01    1.200000e+02   2.000000e-01   1.500000e+02   1.000000e+02   1.000000e+01
   5 2.5295877296e+02  -1.26e-02  1.65e-04    6.111874e+01   3.600410e-01   5.587552e+01   1.023836e+02   7.981650e+00

After 5 iterations the fit converged.
final sum of squares of residuals : 252.959
rel. change during last iteration : -1.26117e-07

degrees of freedom    (FIT_NDF)                        : 195
rms of residuals      (FIT_STDFIT) = sqrt(WSSR/ndf)    : 1.13896
variance of residuals (reduced chisquare) = WSSR/ndf   : 1.29722
p-value of the Chisq distribution (FIT_P)              : 0.00327414

Final set of parameters            Asymptotic Standard Error
=======================            ==========================
a               = 61.1187          +/- 1.407        (2.302%)
b               = 0.360041         +/- 0.01349      (3.748%)
c               = 55.8755          +/- 5.328        (9.536%)
d               = 102.384          +/- 0.5816       (0.5681%)
e               = 7.98165          +/- 0.8149       (10.21%)

correlation matrix of the fit parameters:
                a      b      c      d      e      
a               1.000 
b              -0.804  1.000 
c              -0.035 -0.031  1.000 
d               0.033 -0.041  0.011  1.000 
e              -0.080 -0.065 -0.541  0.011  1.000 
